<?xml version="1.0" encoding="UTF-8"?>
<!-- Generated by org.testng.reporters.JUnitReportReporter -->
<testsuite hostname="DESKTOP-B7L0VAU" failures="0" tests="1" name="com.testcases.login" time="4.055" errors="0" timestamp="05 Jun 2023 18:14:54 GMT" skipped="0">
  <testcase classname="com.testcases.login" name="loginapp" time="4.055"/>
</testsuite> <!-- com.testcases.login -->
